[2024-07-19 19:08:38,239][runners.base][INFO] - run train_multiball
[2024-07-19 19:08:38,282][runners.train_multiball][INFO] - HRNet(
  (conv1): Conv2d(9, 64, kernel_size=(3, 3), stride=(1, 1), padding=(1, 1), bias=False)
  (bn1): BatchNorm2d(64, eps=1e-05, momentum=0.1, affine=True, track_running_stats=True)
  (conv2): Conv2d(64, 64, kernel_size=(3, 3), stride=(1, 1), padding=(1, 1), bias=False)
  (bn2): BatchNorm2d(64, eps=1e-05, momentum=0.1, affine=True, track_running_stats=True)
  (relu): ReLU(inplace=True)
  (layer1): Sequential(
    (0): Bottleneck(
      (conv1): Conv2d(64, 32, kernel_size=(1, 1), stride=(1, 1), bias=False)
      (bn1): BatchNorm2d(32, eps=1e-05, momentum=0.1, affine=True, track_running_stats=True)
      (conv2): Conv2d(32, 32, kernel_size=(3, 3), stride=(1, 1), padding=(1, 1), bias=False)
      (bn2): BatchNorm2d(32, eps=1e-05, momentum=0.1, affine=True, track_running_stats=True)
      (conv3): Conv2d(32, 128, kernel_size=(1, 1), stride=(1, 1), bias=False)
      (bn3): BatchNorm2d(128, eps=1e-05, momentum=0.1, affine=True, track_running_stats=True)
      (relu): ReLU(inplace=True)
      (downsample): Sequential(
        (0): Conv2d(64, 128, kernel_size=(1, 1), stride=(1, 1), bias=False)
        (1): BatchNorm2d(128, eps=1e-05, momentum=0.1, affine=True, track_running_stats=True)
      )
    )
  )
  (transition1): ModuleList(
    (0): Sequential(
      (0): Conv2d(128, 16, kernel_size=(3, 3), stride=(1, 1), padding=(1, 1), bias=False)
      (1): BatchNorm2d(16, eps=1e-05, momentum=0.1, affine=True, track_running_stats=True)
      (2): ReLU(inplace=True)
    )
    (1): Sequential(
      (0): Sequential(
        (0): Conv2d(128, 32, kernel_size=(3, 3), stride=(2, 2), padding=(1, 1), bias=False)
        (1): BatchNorm2d(32, eps=1e-05, momentum=0.1, affine=True, track_running_stats=True)
        (2): ReLU(inplace=True)
      )
    )
  )
  (stage2): Sequential(
    (0): HighResolutionModule(
      (branches): ModuleList(
        (0): Sequential(
          (0): BasicBlock(
            (conv1): Conv2d(16, 16, kernel_size=(3, 3), stride=(1, 1), padding=(1, 1), bias=False)
            (bn1): BatchNorm2d(16, eps=1e-05, momentum=0.1, affine=True, track_running_stats=True)
            (relu): ReLU(inplace=True)
            (conv2): Conv2d(16, 16, kernel_size=(3, 3), stride=(1, 1), padding=(1, 1), bias=False)
            (bn2): BatchNorm2d(16, eps=1e-05, momentum=0.1, affine=True, track_running_stats=True)
          )
          (1): BasicBlock(
            (conv1): Conv2d(16, 16, kernel_size=(3, 3), stride=(1, 1), padding=(1, 1), bias=False)
            (bn1): BatchNorm2d(16, eps=1e-05, momentum=0.1, affine=True, track_running_stats=True)
            (relu): ReLU(inplace=True)
            (conv2): Conv2d(16, 16, kernel_size=(3, 3), stride=(1, 1), padding=(1, 1), bias=False)
            (bn2): BatchNorm2d(16, eps=1e-05, momentum=0.1, affine=True, track_running_stats=True)
          )
        )
        (1): Sequential(
          (0): BasicBlock(
            (conv1): Conv2d(32, 32, kernel_size=(3, 3), stride=(1, 1), padding=(1, 1), bias=False)
            (bn1): BatchNorm2d(32, eps=1e-05, momentum=0.1, affine=True, track_running_stats=True)
            (relu): ReLU(inplace=True)
            (conv2): Conv2d(32, 32, kernel_size=(3, 3), stride=(1, 1), padding=(1, 1), bias=False)
            (bn2): BatchNorm2d(32, eps=1e-05, momentum=0.1, affine=True, track_running_stats=True)
          )
          (1): BasicBlock(
            (conv1): Conv2d(32, 32, kernel_size=(3, 3), stride=(1, 1), padding=(1, 1), bias=False)
            (bn1): BatchNorm2d(32, eps=1e-05, momentum=0.1, affine=True, track_running_stats=True)
            (relu): ReLU(inplace=True)
            (conv2): Conv2d(32, 32, kernel_size=(3, 3), stride=(1, 1), padding=(1, 1), bias=False)
            (bn2): BatchNorm2d(32, eps=1e-05, momentum=0.1, affine=True, track_running_stats=True)
          )
        )
      )
      (fuse_layers): ModuleList(
        (0): ModuleList(
          (0): None
          (1): Sequential(
            (0): Conv2d(32, 16, kernel_size=(1, 1), stride=(1, 1), bias=False)
            (1): BatchNorm2d(16, eps=1e-05, momentum=0.1, affine=True, track_running_stats=True)
            (2): Upsample(scale_factor=2.0, mode=nearest)
          )
        )
        (1): ModuleList(
          (0): Sequential(
            (0): Sequential(
              (0): Conv2d(16, 32, kernel_size=(3, 3), stride=(2, 2), padding=(1, 1), bias=False)
              (1): BatchNorm2d(32, eps=1e-05, momentum=0.1, affine=True, track_running_stats=True)
            )
          )
          (1): None
        )
      )
      (relu): ReLU(inplace=True)
    )
  )
  (transition2): ModuleList(
    (0): None
    (1): None
    (2): Sequential(
      (0): Sequential(
        (0): Conv2d(32, 64, kernel_size=(3, 3), stride=(2, 2), padding=(1, 1), bias=False)
        (1): BatchNorm2d(64, eps=1e-05, momentum=0.1, affine=True, track_running_stats=True)
        (2): ReLU(inplace=True)
      )
    )
  )
  (stage3): Sequential(
    (0): HighResolutionModule(
      (branches): ModuleList(
        (0): Sequential(
          (0): BasicBlock(
            (conv1): Conv2d(16, 16, kernel_size=(3, 3), stride=(1, 1), padding=(1, 1), bias=False)
            (bn1): BatchNorm2d(16, eps=1e-05, momentum=0.1, affine=True, track_running_stats=True)
            (relu): ReLU(inplace=True)
            (conv2): Conv2d(16, 16, kernel_size=(3, 3), stride=(1, 1), padding=(1, 1), bias=False)
            (bn2): BatchNorm2d(16, eps=1e-05, momentum=0.1, affine=True, track_running_stats=True)
          )
          (1): BasicBlock(
            (conv1): Conv2d(16, 16, kernel_size=(3, 3), stride=(1, 1), padding=(1, 1), bias=False)
            (bn1): BatchNorm2d(16, eps=1e-05, momentum=0.1, affine=True, track_running_stats=True)
            (relu): ReLU(inplace=True)
            (conv2): Conv2d(16, 16, kernel_size=(3, 3), stride=(1, 1), padding=(1, 1), bias=False)
            (bn2): BatchNorm2d(16, eps=1e-05, momentum=0.1, affine=True, track_running_stats=True)
          )
        )
        (1): Sequential(
          (0): BasicBlock(
            (conv1): Conv2d(32, 32, kernel_size=(3, 3), stride=(1, 1), padding=(1, 1), bias=False)
            (bn1): BatchNorm2d(32, eps=1e-05, momentum=0.1, affine=True, track_running_stats=True)
            (relu): ReLU(inplace=True)
            (conv2): Conv2d(32, 32, kernel_size=(3, 3), stride=(1, 1), padding=(1, 1), bias=False)
            (bn2): BatchNorm2d(32, eps=1e-05, momentum=0.1, affine=True, track_running_stats=True)
          )
          (1): BasicBlock(
            (conv1): Conv2d(32, 32, kernel_size=(3, 3), stride=(1, 1), padding=(1, 1), bias=False)
            (bn1): BatchNorm2d(32, eps=1e-05, momentum=0.1, affine=True, track_running_stats=True)
            (relu): ReLU(inplace=True)
            (conv2): Conv2d(32, 32, kernel_size=(3, 3), stride=(1, 1), padding=(1, 1), bias=False)
            (bn2): BatchNorm2d(32, eps=1e-05, momentum=0.1, affine=True, track_running_stats=True)
          )
        )
        (2): Sequential(
          (0): BasicBlock(
            (conv1): Conv2d(64, 64, kernel_size=(3, 3), stride=(1, 1), padding=(1, 1), bias=False)
            (bn1): BatchNorm2d(64, eps=1e-05, momentum=0.1, affine=True, track_running_stats=True)
            (relu): ReLU(inplace=True)
            (conv2): Conv2d(64, 64, kernel_size=(3, 3), stride=(1, 1), padding=(1, 1), bias=False)
            (bn2): BatchNorm2d(64, eps=1e-05, momentum=0.1, affine=True, track_running_stats=True)
          )
          (1): BasicBlock(
            (conv1): Conv2d(64, 64, kernel_size=(3, 3), stride=(1, 1), padding=(1, 1), bias=False)
            (bn1): BatchNorm2d(64, eps=1e-05, momentum=0.1, affine=True, track_running_stats=True)
            (relu): ReLU(inplace=True)
            (conv2): Conv2d(64, 64, kernel_size=(3, 3), stride=(1, 1), padding=(1, 1), bias=False)
            (bn2): BatchNorm2d(64, eps=1e-05, momentum=0.1, affine=True, track_running_stats=True)
          )
        )
      )
      (fuse_layers): ModuleList(
        (0): ModuleList(
          (0): None
          (1): Sequential(
            (0): Conv2d(32, 16, kernel_size=(1, 1), stride=(1, 1), bias=False)
            (1): BatchNorm2d(16, eps=1e-05, momentum=0.1, affine=True, track_running_stats=True)
            (2): Upsample(scale_factor=2.0, mode=nearest)
          )
          (2): Sequential(
            (0): Conv2d(64, 16, kernel_size=(1, 1), stride=(1, 1), bias=False)
            (1): BatchNorm2d(16, eps=1e-05, momentum=0.1, affine=True, track_running_stats=True)
            (2): Upsample(scale_factor=4.0, mode=nearest)
          )
        )
        (1): ModuleList(
          (0): Sequential(
            (0): Sequential(
              (0): Conv2d(16, 32, kernel_size=(3, 3), stride=(2, 2), padding=(1, 1), bias=False)
              (1): BatchNorm2d(32, eps=1e-05, momentum=0.1, affine=True, track_running_stats=True)
            )
          )
          (1): None
          (2): Sequential(
            (0): Conv2d(64, 32, kernel_size=(1, 1), stride=(1, 1), bias=False)
            (1): BatchNorm2d(32, eps=1e-05, momentum=0.1, affine=True, track_running_stats=True)
            (2): Upsample(scale_factor=2.0, mode=nearest)
          )
        )
        (2): ModuleList(
          (0): Sequential(
            (0): Sequential(
              (0): Conv2d(16, 16, kernel_size=(3, 3), stride=(2, 2), padding=(1, 1), bias=False)
              (1): BatchNorm2d(16, eps=1e-05, momentum=0.1, affine=True, track_running_stats=True)
              (2): ReLU(inplace=True)
            )
            (1): Sequential(
              (0): Conv2d(16, 64, kernel_size=(3, 3), stride=(2, 2), padding=(1, 1), bias=False)
              (1): BatchNorm2d(64, eps=1e-05, momentum=0.1, affine=True, track_running_stats=True)
            )
          )
          (1): Sequential(
            (0): Sequential(
              (0): Conv2d(32, 64, kernel_size=(3, 3), stride=(2, 2), padding=(1, 1), bias=False)
              (1): BatchNorm2d(64, eps=1e-05, momentum=0.1, affine=True, track_running_stats=True)
            )
          )
          (2): None
        )
      )
      (relu): ReLU(inplace=True)
    )
  )
  (transition3): ModuleList(
    (0): None
    (1): None
    (2): None
    (3): Sequential(
      (0): Sequential(
        (0): Conv2d(64, 128, kernel_size=(3, 3), stride=(2, 2), padding=(1, 1), bias=False)
        (1): BatchNorm2d(128, eps=1e-05, momentum=0.1, affine=True, track_running_stats=True)
        (2): ReLU(inplace=True)
      )
    )
  )
  (stage4): Sequential(
    (0): HighResolutionModule(
      (branches): ModuleList(
        (0): Sequential(
          (0): BasicBlock(
            (conv1): Conv2d(16, 16, kernel_size=(3, 3), stride=(1, 1), padding=(1, 1), bias=False)
            (bn1): BatchNorm2d(16, eps=1e-05, momentum=0.1, affine=True, track_running_stats=True)
            (relu): ReLU(inplace=True)
            (conv2): Conv2d(16, 16, kernel_size=(3, 3), stride=(1, 1), padding=(1, 1), bias=False)
            (bn2): BatchNorm2d(16, eps=1e-05, momentum=0.1, affine=True, track_running_stats=True)
          )
          (1): BasicBlock(
            (conv1): Conv2d(16, 16, kernel_size=(3, 3), stride=(1, 1), padding=(1, 1), bias=False)
            (bn1): BatchNorm2d(16, eps=1e-05, momentum=0.1, affine=True, track_running_stats=True)
            (relu): ReLU(inplace=True)
            (conv2): Conv2d(16, 16, kernel_size=(3, 3), stride=(1, 1), padding=(1, 1), bias=False)
            (bn2): BatchNorm2d(16, eps=1e-05, momentum=0.1, affine=True, track_running_stats=True)
          )
        )
        (1): Sequential(
          (0): BasicBlock(
            (conv1): Conv2d(32, 32, kernel_size=(3, 3), stride=(1, 1), padding=(1, 1), bias=False)
            (bn1): BatchNorm2d(32, eps=1e-05, momentum=0.1, affine=True, track_running_stats=True)
            (relu): ReLU(inplace=True)
            (conv2): Conv2d(32, 32, kernel_size=(3, 3), stride=(1, 1), padding=(1, 1), bias=False)
            (bn2): BatchNorm2d(32, eps=1e-05, momentum=0.1, affine=True, track_running_stats=True)
          )
          (1): BasicBlock(
            (conv1): Conv2d(32, 32, kernel_size=(3, 3), stride=(1, 1), padding=(1, 1), bias=False)
            (bn1): BatchNorm2d(32, eps=1e-05, momentum=0.1, affine=True, track_running_stats=True)
            (relu): ReLU(inplace=True)
            (conv2): Conv2d(32, 32, kernel_size=(3, 3), stride=(1, 1), padding=(1, 1), bias=False)
            (bn2): BatchNorm2d(32, eps=1e-05, momentum=0.1, affine=True, track_running_stats=True)
          )
        )
        (2): Sequential(
          (0): BasicBlock(
            (conv1): Conv2d(64, 64, kernel_size=(3, 3), stride=(1, 1), padding=(1, 1), bias=False)
            (bn1): BatchNorm2d(64, eps=1e-05, momentum=0.1, affine=True, track_running_stats=True)
            (relu): ReLU(inplace=True)
            (conv2): Conv2d(64, 64, kernel_size=(3, 3), stride=(1, 1), padding=(1, 1), bias=False)
            (bn2): BatchNorm2d(64, eps=1e-05, momentum=0.1, affine=True, track_running_stats=True)
          )
          (1): BasicBlock(
            (conv1): Conv2d(64, 64, kernel_size=(3, 3), stride=(1, 1), padding=(1, 1), bias=False)
            (bn1): BatchNorm2d(64, eps=1e-05, momentum=0.1, affine=True, track_running_stats=True)
            (relu): ReLU(inplace=True)
            (conv2): Conv2d(64, 64, kernel_size=(3, 3), stride=(1, 1), padding=(1, 1), bias=False)
            (bn2): BatchNorm2d(64, eps=1e-05, momentum=0.1, affine=True, track_running_stats=True)
          )
        )
        (3): Sequential(
          (0): BasicBlock(
            (conv1): Conv2d(128, 128, kernel_size=(3, 3), stride=(1, 1), padding=(1, 1), bias=False)
            (bn1): BatchNorm2d(128, eps=1e-05, momentum=0.1, affine=True, track_running_stats=True)
            (relu): ReLU(inplace=True)
            (conv2): Conv2d(128, 128, kernel_size=(3, 3), stride=(1, 1), padding=(1, 1), bias=False)
            (bn2): BatchNorm2d(128, eps=1e-05, momentum=0.1, affine=True, track_running_stats=True)
          )
          (1): BasicBlock(
            (conv1): Conv2d(128, 128, kernel_size=(3, 3), stride=(1, 1), padding=(1, 1), bias=False)
            (bn1): BatchNorm2d(128, eps=1e-05, momentum=0.1, affine=True, track_running_stats=True)
            (relu): ReLU(inplace=True)
            (conv2): Conv2d(128, 128, kernel_size=(3, 3), stride=(1, 1), padding=(1, 1), bias=False)
            (bn2): BatchNorm2d(128, eps=1e-05, momentum=0.1, affine=True, track_running_stats=True)
          )
        )
      )
      (fuse_layers): ModuleList(
        (0): ModuleList(
          (0): None
          (1): Sequential(
            (0): Conv2d(32, 16, kernel_size=(1, 1), stride=(1, 1), bias=False)
            (1): BatchNorm2d(16, eps=1e-05, momentum=0.1, affine=True, track_running_stats=True)
            (2): Upsample(scale_factor=2.0, mode=nearest)
          )
          (2): Sequential(
            (0): Conv2d(64, 16, kernel_size=(1, 1), stride=(1, 1), bias=False)
            (1): BatchNorm2d(16, eps=1e-05, momentum=0.1, affine=True, track_running_stats=True)
            (2): Upsample(scale_factor=4.0, mode=nearest)
          )
          (3): Sequential(
            (0): Conv2d(128, 16, kernel_size=(1, 1), stride=(1, 1), bias=False)
            (1): BatchNorm2d(16, eps=1e-05, momentum=0.1, affine=True, track_running_stats=True)
            (2): Upsample(scale_factor=8.0, mode=nearest)
          )
        )
        (1): ModuleList(
          (0): Sequential(
            (0): Sequential(
              (0): Conv2d(16, 32, kernel_size=(3, 3), stride=(2, 2), padding=(1, 1), bias=False)
              (1): BatchNorm2d(32, eps=1e-05, momentum=0.1, affine=True, track_running_stats=True)
            )
          )
          (1): None
          (2): Sequential(
            (0): Conv2d(64, 32, kernel_size=(1, 1), stride=(1, 1), bias=False)
            (1): BatchNorm2d(32, eps=1e-05, momentum=0.1, affine=True, track_running_stats=True)
            (2): Upsample(scale_factor=2.0, mode=nearest)
          )
          (3): Sequential(
            (0): Conv2d(128, 32, kernel_size=(1, 1), stride=(1, 1), bias=False)
            (1): BatchNorm2d(32, eps=1e-05, momentum=0.1, affine=True, track_running_stats=True)
            (2): Upsample(scale_factor=4.0, mode=nearest)
          )
        )
        (2): ModuleList(
          (0): Sequential(
            (0): Sequential(
              (0): Conv2d(16, 16, kernel_size=(3, 3), stride=(2, 2), padding=(1, 1), bias=False)
              (1): BatchNorm2d(16, eps=1e-05, momentum=0.1, affine=True, track_running_stats=True)
              (2): ReLU(inplace=True)
            )
            (1): Sequential(
              (0): Conv2d(16, 64, kernel_size=(3, 3), stride=(2, 2), padding=(1, 1), bias=False)
              (1): BatchNorm2d(64, eps=1e-05, momentum=0.1, affine=True, track_running_stats=True)
            )
          )
          (1): Sequential(
            (0): Sequential(
              (0): Conv2d(32, 64, kernel_size=(3, 3), stride=(2, 2), padding=(1, 1), bias=False)
              (1): BatchNorm2d(64, eps=1e-05, momentum=0.1, affine=True, track_running_stats=True)
            )
          )
          (2): None
          (3): Sequential(
            (0): Conv2d(128, 64, kernel_size=(1, 1), stride=(1, 1), bias=False)
            (1): BatchNorm2d(64, eps=1e-05, momentum=0.1, affine=True, track_running_stats=True)
            (2): Upsample(scale_factor=2.0, mode=nearest)
          )
        )
        (3): ModuleList(
          (0): Sequential(
            (0): Sequential(
              (0): Conv2d(16, 16, kernel_size=(3, 3), stride=(2, 2), padding=(1, 1), bias=False)
              (1): BatchNorm2d(16, eps=1e-05, momentum=0.1, affine=True, track_running_stats=True)
              (2): ReLU(inplace=True)
            )
            (1): Sequential(
              (0): Conv2d(16, 16, kernel_size=(3, 3), stride=(2, 2), padding=(1, 1), bias=False)
              (1): BatchNorm2d(16, eps=1e-05, momentum=0.1, affine=True, track_running_stats=True)
              (2): ReLU(inplace=True)
            )
            (2): Sequential(
              (0): Conv2d(16, 128, kernel_size=(3, 3), stride=(2, 2), padding=(1, 1), bias=False)
              (1): BatchNorm2d(128, eps=1e-05, momentum=0.1, affine=True, track_running_stats=True)
            )
          )
          (1): Sequential(
            (0): Sequential(
              (0): Conv2d(32, 32, kernel_size=(3, 3), stride=(2, 2), padding=(1, 1), bias=False)
              (1): BatchNorm2d(32, eps=1e-05, momentum=0.1, affine=True, track_running_stats=True)
              (2): ReLU(inplace=True)
            )
            (1): Sequential(
              (0): Conv2d(32, 128, kernel_size=(3, 3), stride=(2, 2), padding=(1, 1), bias=False)
              (1): BatchNorm2d(128, eps=1e-05, momentum=0.1, affine=True, track_running_stats=True)
            )
          )
          (2): Sequential(
            (0): Sequential(
              (0): Conv2d(64, 128, kernel_size=(3, 3), stride=(2, 2), padding=(1, 1), bias=False)
              (1): BatchNorm2d(128, eps=1e-05, momentum=0.1, affine=True, track_running_stats=True)
            )
          )
          (3): None
        )
      )
      (relu): ReLU(inplace=True)
    )
  )
  (deconv_layers): ModuleList()
  (final_layers): ModuleList(
    (0): Conv2d(16, 3, kernel_size=(1, 1), stride=(1, 1))
  )
)
[2024-07-19 19:08:38,285][runners.train_multiball][INFO] - # model params: (trainable) 1481427, (whole) 1481427
[2024-07-19 19:08:38,416][datasets.multiball][INFO] - 0/212 clips do not include ball trajectory
[2024-07-19 19:08:38,418][datasets.multiball][INFO] - 0/4 clips do not include ball trajectory
[2024-07-19 19:08:38,418][datasets.multiball][INFO] - => Multiball loaded
[2024-07-19 19:08:38,418][datasets.multiball][INFO] - Dataset statistics:
[2024-07-19 19:08:38,418][datasets.multiball][INFO] - -----------------------------------------------------------------------------------
[2024-07-19 19:08:38,418][datasets.multiball][INFO] - subset       | # batch | # frame | # frame w/ gt | # clip | # game
[2024-07-19 19:08:38,418][datasets.multiball][INFO] - -----------------------------------------------------------------------------------
[2024-07-19 19:08:38,418][datasets.multiball][INFO] - train        |   13135 |   13559 |         13559 |    212 |     28 
[2024-07-19 19:08:38,418][datasets.multiball][INFO] - test         |     232 |     240 |           240 |      4 |      1 
[2024-07-19 19:08:38,418][datasets.multiball][INFO] - -----------------------------------------------------------------------------------
[2024-07-19 19:08:40,504][runners.train_multiball][INFO] - (TRAIN) Epoch 1, lr: [0.0001]
[2024-07-19 19:13:39,275][runners.runner_utils][INFO] - (TRAIN) Epoch 1 Loss:0.000487 Time:298.8(sec)
[2024-07-19 19:13:39,344][runners.train_multiball][INFO] - (TRAIN) Epoch 2, lr: [0.0001]
[2024-07-19 19:18:41,923][runners.runner_utils][INFO] - (TRAIN) Epoch 2 Loss:0.000316 Time:302.6(sec)
[2024-07-19 19:18:41,960][runners.train_multiball][INFO] - (TRAIN) Epoch 3, lr: [0.0001]
[2024-07-19 19:23:42,758][runners.runner_utils][INFO] - (TRAIN) Epoch 3 Loss:0.000257 Time:300.8(sec)
[2024-07-19 19:23:42,791][runners.train_multiball][INFO] - (TRAIN) Epoch 4, lr: [0.0001]
[2024-07-19 19:28:44,422][runners.runner_utils][INFO] - (TRAIN) Epoch 4 Loss:0.000213 Time:301.6(sec)
[2024-07-19 19:28:44,455][runners.train_multiball][INFO] - (TRAIN) Epoch 5, lr: [0.0001]
[2024-07-19 19:33:44,723][runners.runner_utils][INFO] - (TRAIN) Epoch 5 Loss:0.000183 Time:300.3(sec)
[2024-07-19 19:33:44,768][runners.train_multiball][INFO] - (TRAIN) Epoch 6, lr: [0.0001]
[2024-07-19 19:38:45,059][runners.runner_utils][INFO] - (TRAIN) Epoch 6 Loss:0.000162 Time:300.3(sec)
[2024-07-19 19:38:45,092][runners.train_multiball][INFO] - (TRAIN) Epoch 7, lr: [0.0001]
[2024-07-19 19:43:44,651][runners.runner_utils][INFO] - (TRAIN) Epoch 7 Loss:0.000145 Time:299.6(sec)
[2024-07-19 19:43:44,691][runners.train_multiball][INFO] - (TRAIN) Epoch 8, lr: [0.0001]
[2024-07-19 19:48:44,405][runners.runner_utils][INFO] - (TRAIN) Epoch 8 Loss:0.000134 Time:299.7(sec)
[2024-07-19 19:48:44,439][runners.train_multiball][INFO] - (TRAIN) Epoch 9, lr: [0.0001]
[2024-07-19 19:53:44,513][runners.runner_utils][INFO] - (TRAIN) Epoch 9 Loss:0.000127 Time:300.1(sec)
[2024-07-19 19:53:44,545][runners.train_multiball][INFO] - (TRAIN) Epoch 10, lr: [0.0001]
[2024-07-19 19:58:44,311][runners.runner_utils][INFO] - (TRAIN) Epoch 10 Loss:0.000120 Time:299.8(sec)
[2024-07-19 19:58:44,345][runners.train_multiball][INFO] - (TRAIN) Epoch 11, lr: [5e-05]
[2024-07-19 20:03:43,585][runners.runner_utils][INFO] - (TRAIN) Epoch 11 Loss:0.000103 Time:299.2(sec)
[2024-07-19 20:03:43,620][runners.train_multiball][INFO] - (TRAIN) Epoch 12, lr: [5e-05]
[2024-07-19 20:08:43,067][runners.runner_utils][INFO] - (TRAIN) Epoch 12 Loss:0.000099 Time:299.4(sec)
[2024-07-19 20:08:43,103][runners.train_multiball][INFO] - (TRAIN) Epoch 13, lr: [5e-05]
[2024-07-19 20:13:42,866][runners.runner_utils][INFO] - (TRAIN) Epoch 13 Loss:0.000097 Time:299.8(sec)
[2024-07-19 20:13:42,903][runners.train_multiball][INFO] - (TRAIN) Epoch 14, lr: [5e-05]
[2024-07-19 20:18:42,693][runners.runner_utils][INFO] - (TRAIN) Epoch 14 Loss:0.000093 Time:299.8(sec)
[2024-07-19 20:18:42,731][runners.train_multiball][INFO] - (TRAIN) Epoch 15, lr: [5e-05]
[2024-07-19 20:23:43,092][runners.runner_utils][INFO] - (TRAIN) Epoch 15 Loss:0.000092 Time:300.4(sec)
[2024-07-19 20:23:43,126][runners.train_multiball][INFO] - (TRAIN) Epoch 16, lr: [5e-05]
[2024-07-19 20:28:42,468][runners.runner_utils][INFO] - (TRAIN) Epoch 16 Loss:0.000090 Time:299.3(sec)
[2024-07-19 20:28:42,505][runners.train_multiball][INFO] - (TRAIN) Epoch 17, lr: [5e-05]
[2024-07-19 20:33:41,826][runners.runner_utils][INFO] - (TRAIN) Epoch 17 Loss:0.000089 Time:299.3(sec)
[2024-07-19 20:33:41,859][runners.train_multiball][INFO] - (TRAIN) Epoch 18, lr: [5e-05]
[2024-07-19 20:38:41,239][runners.runner_utils][INFO] - (TRAIN) Epoch 18 Loss:0.000088 Time:299.4(sec)
[2024-07-19 20:38:41,281][runners.train_multiball][INFO] - (TRAIN) Epoch 19, lr: [5e-05]
[2024-07-19 20:43:40,821][runners.runner_utils][INFO] - (TRAIN) Epoch 19 Loss:0.000086 Time:299.5(sec)
[2024-07-19 20:43:40,872][runners.train_multiball][INFO] - (TRAIN) Epoch 20, lr: [5e-05]
[2024-07-19 20:48:40,310][runners.runner_utils][INFO] - (TRAIN) Epoch 20 Loss:0.000086 Time:299.4(sec)
[2024-07-19 20:48:40,343][runners.train_multiball][INFO] - (TRAIN) Epoch 21, lr: [5e-05]
[2024-07-19 20:53:39,467][runners.runner_utils][INFO] - (TRAIN) Epoch 21 Loss:0.000085 Time:299.1(sec)
[2024-07-19 20:53:39,505][runners.train_multiball][INFO] - (TRAIN) Epoch 22, lr: [5e-05]
[2024-07-19 20:58:38,869][runners.runner_utils][INFO] - (TRAIN) Epoch 22 Loss:0.000085 Time:299.4(sec)
[2024-07-19 20:58:38,917][runners.train_multiball][INFO] - (TRAIN) Epoch 23, lr: [5e-05]
[2024-07-19 21:03:38,177][runners.runner_utils][INFO] - (TRAIN) Epoch 23 Loss:0.000083 Time:299.3(sec)
[2024-07-19 21:03:38,210][runners.train_multiball][INFO] - (TRAIN) Epoch 24, lr: [5e-05]
[2024-07-19 21:08:37,570][runners.runner_utils][INFO] - (TRAIN) Epoch 24 Loss:0.000083 Time:299.4(sec)
[2024-07-19 21:08:37,603][runners.train_multiball][INFO] - (TRAIN) Epoch 25, lr: [5e-05]
[2024-07-19 21:13:36,820][runners.runner_utils][INFO] - (TRAIN) Epoch 25 Loss:0.000082 Time:299.2(sec)
[2024-07-19 21:13:36,866][runners.train_multiball][INFO] - (TRAIN) Epoch 26, lr: [5e-05]
[2024-07-19 21:18:35,642][runners.runner_utils][INFO] - (TRAIN) Epoch 26 Loss:0.000082 Time:298.8(sec)
[2024-07-19 21:18:35,682][runners.train_multiball][INFO] - (TRAIN) Epoch 27, lr: [5e-05]
[2024-07-19 21:23:35,258][runners.runner_utils][INFO] - (TRAIN) Epoch 27 Loss:0.000081 Time:299.6(sec)
[2024-07-19 21:23:35,292][runners.train_multiball][INFO] - (TRAIN) Epoch 28, lr: [5e-05]
[2024-07-19 21:28:34,699][runners.runner_utils][INFO] - (TRAIN) Epoch 28 Loss:0.000081 Time:299.4(sec)
[2024-07-19 21:28:34,736][runners.train_multiball][INFO] - (TRAIN) Epoch 29, lr: [5e-05]
[2024-07-19 21:33:34,021][runners.runner_utils][INFO] - (TRAIN) Epoch 29 Loss:0.000080 Time:299.3(sec)
[2024-07-19 21:33:34,056][runners.train_multiball][INFO] - (TRAIN) Epoch 30, lr: [5e-05]
[2024-07-19 21:38:32,910][runners.runner_utils][INFO] - (TRAIN) Epoch 30 Loss:0.000080 Time:298.9(sec)
